<?xml version="1.0" encoding="UTF-8"?>
<testng-results ignored="0" total="1" passed="1" failed="0" skipped="0">
  <reporter-output>
  </reporter-output>
  <suite started-at="2022-05-10T13:43:45 CAT" name="TestRunner" finished-at="2022-05-10T13:43:46 CAT" duration-ms="844">
    <groups>
      <group name="cucumber">
        <method signature="AbstractTestNGCucumberTests.runScenario(io.cucumber.testng.PickleWrapper,io.cucumber.testng.FeatureWrapper)[pri:0, instance:TestRunner@b2c9a9c]" name="runScenario" class="io.cucumber.testng.AbstractTestNGCucumberTests"/>
      </group> <!-- cucumber -->
    </groups>
    <test started-at="2022-05-10T13:43:45 CAT" name="Command line test" finished-at="2022-05-10T13:43:46 CAT" duration-ms="844">
      <class name="TestRunner">
        <test-method is-config="true" signature="setUpClass(org.testng.ITestContext)[pri:0, instance:TestRunner@b2c9a9c]" started-at="2022-05-10T13:43:45 CAT" name="setUpClass" finished-at="2022-05-10T13:43:46 CAT" duration-ms="677" status="PASS">
          <params>
            <param index="0">
              <value>
                <![CDATA[org.testng.TestRunner@58c540cf]]>
              </value>
            </param>
          </params>
          <reporter-output>
          </reporter-output>
        </test-method> <!-- setUpClass -->
        <test-method signature="runScenario(io.cucumber.testng.PickleWrapper,io.cucumber.testng.FeatureWrapper)[pri:0, instance:TestRunner@b2c9a9c]" started-at="2022-05-10T13:43:46 CAT" name="runScenario" description="Runs Cucumber Scenarios" data-provider="scenarios" finished-at="2022-05-10T13:43:46 CAT" duration-ms="74" status="PASS">
          <params>
            <param index="0">
              <value>
                <![CDATA["Verify user is on google homepage"]]>
              </value>
            </param>
            <param index="1">
              <value>
                <![CDATA["User searches on Google"]]>
              </value>
            </param>
          </params>
          <reporter-output>
          </reporter-output>
        </test-method> <!-- runScenario -->
        <test-method is-config="true" signature="tearDownClass()[pri:0, instance:TestRunner@b2c9a9c]" started-at="2022-05-10T13:43:46 CAT" name="tearDownClass" finished-at="2022-05-10T13:43:46 CAT" duration-ms="68" status="PASS">
          <reporter-output>
          </reporter-output>
        </test-method> <!-- tearDownClass -->
      </class> <!-- TestRunner -->
    </test> <!-- Command line test -->
  </suite> <!-- TestRunner -->
</testng-results>
