<?xml version="1.0" encoding="UTF-8"?>
<testng-results ignored="0" total="1" passed="1" failed="0" skipped="0">
  <reporter-output>
  </reporter-output>
  <suite started-at="2022-05-11T14:14:42 CAT" name="TestRunner" finished-at="2022-05-11T14:15:01 CAT" duration-ms="18269">
    <groups>
      <group name="cucumber">
        <method signature="AbstractTestNGCucumberTests.runScenario(io.cucumber.testng.PickleWrapper,io.cucumber.testng.FeatureWrapper)[pri:0, instance:TestRunner@b2c9a9c]" name="runScenario" class="io.cucumber.testng.AbstractTestNGCucumberTests"/>
      </group> <!-- cucumber -->
    </groups>
    <test started-at="2022-05-11T14:14:42 CAT" name="Command line test" finished-at="2022-05-11T14:15:01 CAT" duration-ms="18269">
      <class name="TestRunner">
        <test-method is-config="true" signature="setUpClass(org.testng.ITestContext)[pri:0, instance:TestRunner@b2c9a9c]" started-at="2022-05-11T14:14:42 CAT" name="setUpClass" finished-at="2022-05-11T14:14:43 CAT" duration-ms="611" status="PASS">
          <params>
            <param index="0">
              <value>
                <![CDATA[org.testng.TestRunner@4784efd9]]>
              </value>
            </param>
          </params>
          <reporter-output>
          </reporter-output>
        </test-method> <!-- setUpClass -->
        <test-method signature="runScenario(io.cucumber.testng.PickleWrapper,io.cucumber.testng.FeatureWrapper)[pri:0, instance:TestRunner@b2c9a9c]" started-at="2022-05-11T14:14:43 CAT" name="runScenario" description="Runs Cucumber Scenarios" data-provider="scenarios" finished-at="2022-05-11T14:15:01 CAT" duration-ms="17564" status="PASS">
          <params>
            <param index="0">
              <value>
                <![CDATA["Verify facebook title on homepage"]]>
              </value>
            </param>
            <param index="1">
              <value>
                <![CDATA["Facebook Title"]]>
              </value>
            </param>
          </params>
          <reporter-output>
          </reporter-output>
        </test-method> <!-- runScenario -->
        <test-method is-config="true" signature="tearDownClass()[pri:0, instance:TestRunner@b2c9a9c]" started-at="2022-05-11T14:15:01 CAT" name="tearDownClass" finished-at="2022-05-11T14:15:01 CAT" duration-ms="56" status="PASS">
          <reporter-output>
          </reporter-output>
        </test-method> <!-- tearDownClass -->
      </class> <!-- TestRunner -->
    </test> <!-- Command line test -->
  </suite> <!-- TestRunner -->
</testng-results>
